2021-01-16 17:59:22,837:WARNING:discord.client: PyNaCl is not installed, voice will NOT be supported
2021-01-16 17:59:22,837:DEBUG:discord.client: on_ready has successfully been registered as an event
2021-01-16 17:59:22,837:INFO:discord.client: logging in using static token
2021-01-16 17:59:23,498:DEBUG:discord.http: GET https://discord.com/api/v7/users/@me with None has returned 200
2021-01-16 17:59:23,498:DEBUG:discord.http: GET https://discord.com/api/v7/users/@me has received {'id': '799639690176495637', 'username': 'Bloom Bot', 'avatar': None, 'discriminator': '5377', 'public_flags': 0, 'flags': 0, 'bot': True, 'email': None, 'verified': True, 'locale': 'en-US', 'mfa_enabled': False}
2021-01-16 17:59:23,608:DEBUG:discord.http: GET https://discord.com/api/v7/gateway with None has returned 200
2021-01-16 17:59:23,608:DEBUG:discord.http: GET https://discord.com/api/v7/gateway has received {'url': 'wss://gateway.discord.gg'}
2021-01-16 17:59:24,175:DEBUG:discord.gateway: Created websocket connected to wss://gateway.discord.gg?encoding=json&v=6&compress=zlib-stream
2021-01-16 17:59:24,175:DEBUG:discord.client: Dispatching event socket_raw_receive
2021-01-16 17:59:24,175:DEBUG:discord.gateway: For Shard ID None: WebSocket Event: {'t': None, 's': None, 'op': 10, 'd': {'heartbeat_interval': 41250, '_trace': ['["gateway-prd-main-d8d5",{"micros":0.0}]']}}
2021-01-16 17:59:24,175:DEBUG:discord.client: Dispatching event socket_response
2021-01-16 17:59:24,175:DEBUG:discord.client: Dispatching event socket_raw_send
2021-01-16 17:59:24,191:DEBUG:discord.client: Dispatching event socket_raw_send
2021-01-16 17:59:24,191:INFO:discord.gateway: Shard ID None has sent the IDENTIFY payload.
2021-01-16 17:59:24,472:DEBUG:discord.client: Dispatching event socket_raw_receive
2021-01-16 17:59:24,472:DEBUG:discord.gateway: For Shard ID None: WebSocket Event: {'t': None, 's': None, 'op': 11, 'd': None}
2021-01-16 17:59:24,472:DEBUG:discord.client: Dispatching event socket_response
2021-01-16 17:59:24,722:DEBUG:discord.client: Dispatching event socket_raw_receive
2021-01-16 17:59:24,722:DEBUG:discord.gateway: For Shard ID None: WebSocket Event: {'t': 'READY', 's': 1, 'op': 0, 'd': {'v': 6, 'user_settings': {}, 'user': {'verified': True, 'username': 'Bloom Bot', 'mfa_enabled': False, 'id': '799639690176495637', 'flags': 0, 'email': None, 'discriminator': '5377', 'bot': True, 'avatar': None}, 'session_id': 'fd6c885a642182ce43a370877cb32abf', 'relationships': [], 'private_channels': [], 'presences': [], 'guilds': [{'unavailable': True, 'id': '761956630606250005'}], 'guild_join_requests': [], 'geo_ordered_rtc_regions': ['hongkong', 'singapore', 'japan', 'india', 'sydney'], 'application': {'id': '799639690176495637', 'flags': 0}, '_trace': ['["gateway-prd-main-d8d5",{"micros":130864,"calls":["discord-sessions-prd-2-40",{"micros":128404,"calls":["start_session",{"micros":47474,"calls":["api-prd-main-r9q7",{"micros":44828,"calls":["get_user",{"micros":2608},"add_authorized_ip",{"micros":3199},"get_guilds",{"micros":10457},"coros_wait",{"micros":2}]}]},"guilds_connect",{"micros":2,"calls":[]},"presence_connect",{"micros":38835,"calls":[]}]}]}]']}}
2021-01-16 17:59:24,722:DEBUG:discord.client: Dispatching event socket_response
2021-01-16 17:59:24,722:INFO:discord.gateway: Shard ID None has connected to Gateway: ["gateway-prd-main-d8d5",{"micros":130864,"calls":["discord-sessions-prd-2-40",{"micros":128404,"calls":["start_session",{"micros":47474,"calls":["api-prd-main-r9q7",{"micros":44828,"calls":["get_user",{"micros":2608},"add_authorized_ip",{"micros":3199},"get_guilds",{"micros":10457},"coros_wait",{"micros":2}]}]},"guilds_connect",{"micros":2,"calls":[]},"presence_connect",{"micros":38835,"calls":[]}]}]}] (Session ID: fd6c885a642182ce43a370877cb32abf).
2021-01-16 17:59:24,753:DEBUG:discord.client: Dispatching event connect
2021-01-16 17:59:24,753:DEBUG:discord.client: Dispatching event socket_raw_receive
2021-01-16 17:59:24,753:DEBUG:discord.gateway: For Shard ID None: WebSocket Event: {'t': 'GUILD_CREATE', 's': 2, 'op': 0, 'd': {'description': None, 'afk_channel_id': None, 'features': [], 'lazy': True, 'rules_channel_id': None, 'members': [{'user': {'username': 'Bloom Bot', 'id': '799639690176495637', 'discriminator': '5377', 'bot': True, 'avatar': None}, 'roles': ['799640643558309891'], 'mute': False, 'joined_at': '2021-01-15T14:06:26.133000+00:00', 'hoisted_role': None, 'deaf': False}], 'premium_subscription_count': 0, 'premium_tier': 0, 'channels': [{'type': 4, 'position': 0, 'permission_overwrites': [], 'name': 'Text Channels', 'id': '761956630606250006'}, {'type': 4, 'position': 0, 'permission_overwrites': [], 'name': 'Voice Channels', 'id': '761956630606250007'}, {'type': 0, 'topic': None, 'rate_limit_per_user': 0, 'position': 0, 'permission_overwrites': [], 'parent_id': '761956630606250006', 'name': 'general', 'last_message_id': '799671025976868904', 'id': '761956630606250008'}, {'user_limit': 0, 'type': 2, 'position': 0, 'permission_overwrites': [], 'parent_id': '761956630606250007', 'name': 'General', 'id': '761956631062904882', 'bitrate': 64000}, {'type': 0, 'topic': None, 'rate_limit_per_user': 0, 'position': 1, 'permission_overwrites': [], 'parent_id': '761956630606250006', 'name': 'asdasd', 'last_message_id': '799248142209122324', 'id': '799238286539227136'}, {'type': 4, 'position': 1, 'permission_overwrites': [], 'name': 'Test Category 1', 'id': '799668592215719977'}, {'type': 4, 'position': 2, 'permission_overwrites': [], 'name': 'Test Category 12', 'id': '799668598934732801'}, {'type': 0, 'topic': None, 'rate_limit_per_user': 0, 'position': 2, 'permission_overwrites': [], 'parent_id': '799668592215719977', 'name': 'bloom-channel', 'last_message_id': '799939912006631436', 'id': '799668639128485918'}], 'mfa_level': 0, 'default_message_notifications': 0, 'name': 'Bloom Test Server', 'owner_id': '252363724894109700', 'preferred_locale': 'en-US', 'presences': [], 'verification_level': 0, 'system_channel_id': '761956630606250008', 'region': 'hongkong', 'application_id': None, 'guild_hashes': {'version': 1, 'roles': {'omitted': False, 'hash': '77OOiN4FpKI'}, 'metadata': {'omitted': False, 'hash': 'bl/e9Koynh8'}, 'channels': {'omitted': False, 'hash': '9ptzABjFMPM'}}, 'emojis': [], 'vanity_url_code': None, 'max_video_channel_users': 25, 'roles': [{'position': 0, 'permissions_new': '104320577', 'permissions': 104320577, 'name': '@everyone', 'mentionable': False, 'managed': False, 'id': '761956630606250005', 'hoist': False, 'color': 0}, {'tags': {'bot_id': '761955273342320691'}, 'position': 1, 'permissions_new': '8', 'permissions': 8, 'name': 'BloomArbitrator', 'mentionable': False, 'managed': True, 'id': '761957397728067615', 'hoist': False, 'color': 0}, {'tags': {'bot_id': '799639690176495637'}, 'position': 1, 'permissions_new': '314432', 'permissions': 314432, 'name': 'Bloom Bot', 'mentionable': False, 'managed': True, 'id': '799640643558309891', 'hoist': False, 'color': 0}], 'afk_timeout': 300, 'unavailable': False, 'explicit_content_filter': 0, 'member_count': 3, 'max_members': 100000, 'discovery_splash': None, 'banner': None, 'icon': None, 'threads': [], 'large': False, 'system_channel_flags': 0, 'id': '761956630606250005', 'public_updates_channel_id': None, 'voice_states': [], 'joined_at': '2021-01-15T14:06:26.133000+00:00', 'splash': None}}
2021-01-16 17:59:24,753:DEBUG:discord.client: Dispatching event socket_response
2021-01-16 17:59:24,769:DEBUG:discord.client: Dispatching event guild_available
2021-01-16 17:59:26,773:DEBUG:discord.client: Dispatching event ready
2021-01-16 17:59:27,180:DEBUG:discord.client: Dispatching event socket_raw_receive
2021-01-16 17:59:27,180:DEBUG:discord.gateway: For Shard ID None: WebSocket Event: {'t': 'MESSAGE_CREATE', 's': 3, 'op': 0, 'd': {'type': 0, 'tts': False, 'timestamp': '2021-01-16T09:59:28.465000+00:00', 'referenced_message': None, 'pinned': False, 'mentions': [], 'mention_roles': [], 'mention_everyone': False, 'member': {'roles': ['799640643558309891'], 'mute': False, 'joined_at': '2021-01-15T14:06:26.133000+00:00', 'hoisted_role': None, 'deaf': False}, 'id': '799940882056347659', 'flags': 0, 'embeds': [], 'edited_timestamp': None, 'content': 'hello', 'channel_id': '799668639128485918', 'author': {'username': 'Bloom Bot', 'public_flags': 0, 'id': '799639690176495637', 'discriminator': '5377', 'bot': True, 'avatar': None}, 'attachments': [], 'guild_id': '761956630606250005'}}
2021-01-16 17:59:27,180:DEBUG:discord.client: Dispatching event socket_response
2021-01-16 17:59:27,180:DEBUG:discord.client: Dispatching event message
2021-01-16 17:59:27,196:DEBUG:discord.http: POST https://discord.com/api/v7/channels/799668639128485918/messages with {"content":"hello"} has returned 200
2021-01-16 17:59:27,196:DEBUG:discord.http: POST https://discord.com/api/v7/channels/799668639128485918/messages has received {'id': '799940882056347659', 'type': 0, 'content': 'hello', 'channel_id': '799668639128485918', 'author': {'id': '799639690176495637', 'username': 'Bloom Bot', 'avatar': None, 'discriminator': '5377', 'public_flags': 0, 'bot': True}, 'attachments': [], 'embeds': [], 'mentions': [], 'mention_roles': [], 'pinned': False, 'mention_everyone': False, 'tts': False, 'timestamp': '2021-01-16T09:59:28.465000+00:00', 'edited_timestamp': None, 'flags': 0, 'referenced_message': None}
2021-01-16 17:59:50,333:DEBUG:discord.client: Dispatching event socket_raw_receive
2021-01-16 17:59:50,333:DEBUG:discord.gateway: For Shard ID None: WebSocket Event: {'t': 'TYPING_START', 's': 4, 'op': 0, 'd': {'user_id': '252363724894109700', 'timestamp': 1610791191, 'member': {'user': {'username': 'BloomAutist47', 'public_flags': 0, 'id': '252363724894109700', 'discriminator': '4713', 'avatar': '55b3cd7b29cf7e46de30d2b1cdf3106c'}, 'roles': [], 'mute': False, 'joined_at': '2020-10-03T14:23:37.284000+00:00', 'hoisted_role': None, 'deaf': False}, 'channel_id': '799668639128485918', 'guild_id': '761956630606250005'}}
2021-01-16 17:59:50,333:DEBUG:discord.client: Dispatching event socket_response
2021-01-16 17:59:54,041:DEBUG:discord.client: Dispatching event socket_raw_receive
2021-01-16 17:59:54,041:DEBUG:discord.gateway: For Shard ID None: WebSocket Event: {'t': 'MESSAGE_CREATE', 's': 5, 'op': 0, 'd': {'type': 0, 'tts': False, 'timestamp': '2021-01-16T09:59:55.468000+00:00', 'referenced_message': None, 'pinned': False, 'nonce': '799940984900157440', 'mentions': [], 'mention_roles': [], 'mention_everyone': False, 'member': {'roles': [], 'mute': False, 'joined_at': '2020-10-03T14:23:37.284000+00:00', 'hoisted_role': None, 'deaf': False}, 'id': '799940995315662858', 'flags': 0, 'embeds': [], 'edited_timestamp': None, 'content': '?boat raven', 'channel_id': '799668639128485918', 'author': {'username': 'BloomAutist47', 'public_flags': 0, 'id': '252363724894109700', 'discriminator': '4713', 'avatar': '55b3cd7b29cf7e46de30d2b1cdf3106c'}, 'attachments': [], 'guild_id': '761956630606250005'}}
2021-01-16 17:59:54,041:DEBUG:discord.client: Dispatching event socket_response
2021-01-16 17:59:54,041:DEBUG:discord.client: Dispatching event message
2021-01-16 17:59:54,041:DEBUG:discord.client: Dispatching event command
2021-01-16 17:59:54,624:DEBUG:discord.client: Dispatching event socket_raw_receive
2021-01-16 17:59:54,624:DEBUG:discord.gateway: For Shard ID None: WebSocket Event: {'t': 'MESSAGE_CREATE', 's': 6, 'op': 0, 'd': {'type': 0, 'tts': False, 'timestamp': '2021-01-16T09:59:56.043000+00:00', 'referenced_message': None, 'pinned': False, 'mentions': [], 'mention_roles': [], 'mention_everyone': False, 'member': {'roles': ['799640643558309891'], 'mute': False, 'joined_at': '2021-01-15T14:06:26.133000+00:00', 'hoisted_role': None, 'deaf': False}, 'id': '799940997726732338', 'flags': 0, 'embeds': [{'type': 'rich', 'title': 'Bots Result', 'fields': [{'value': '[RavenLossREP Bot](https://adventurequest.life/bots/Arts_RavenLossREP_Bot.gbot "Created by arts")', 'name': 'Link', 'inline': True}], 'description': 'The following matches your search word.', 'color': 65280}], 'edited_timestamp': None, 'content': '', 'channel_id': '799668639128485918', 'author': {'username': 'Bloom Bot', 'public_flags': 0, 'id': '799639690176495637', 'discriminator': '5377', 'bot': True, 'avatar': None}, 'attachments': [], 'guild_id': '761956630606250005'}}
2021-01-16 17:59:54,624:DEBUG:discord.client: Dispatching event socket_response
2021-01-16 17:59:54,624:DEBUG:discord.client: Dispatching event message
2021-01-16 17:59:54,639:DEBUG:discord.http: POST https://discord.com/api/v7/channels/799668639128485918/messages with {"embed":{"fields":[{"inline":true,"name":"Link","value":"[RavenLossREP Bot](https://adventurequest.life/bots/Arts_RavenLossREP_Bot.gbot \"Created by arts\")"}],"color":65280,"type":"rich","description":"The following matches your search word.","title":"Bots Result"}} has returned 200
2021-01-16 17:59:54,639:DEBUG:discord.http: POST https://discord.com/api/v7/channels/799668639128485918/messages has received {'id': '799940997726732338', 'type': 0, 'content': '', 'channel_id': '799668639128485918', 'author': {'id': '799639690176495637', 'username': 'Bloom Bot', 'avatar': None, 'discriminator': '5377', 'public_flags': 0, 'bot': True}, 'attachments': [], 'embeds': [{'type': 'rich', 'title': 'Bots Result', 'description': 'The following matches your search word.', 'color': 65280, 'fields': [{'name': 'Link', 'value': '[RavenLossREP Bot](https://adventurequest.life/bots/Arts_RavenLossREP_Bot.gbot "Created by arts")', 'inline': True}]}], 'mentions': [], 'mention_roles': [], 'pinned': False, 'mention_everyone': False, 'tts': False, 'timestamp': '2021-01-16T09:59:56.043000+00:00', 'edited_timestamp': None, 'flags': 0, 'referenced_message': None}
2021-01-16 17:59:54,639:DEBUG:discord.client: Dispatching event command_completion
2021-01-16 17:59:54,701:DEBUG:discord.client: Dispatching event socket_raw_receive
2021-01-16 17:59:54,701:DEBUG:discord.gateway: For Shard ID None: WebSocket Event: {'t': 'MESSAGE_UPDATE', 's': 7, 'op': 0, 'd': {'id': '799940997726732338', 'embeds': [{'type': 'rich', 'title': 'Bots Result', 'fields': [{'value': '[RavenLossREP Bot](https://adventurequest.life/bots/Arts_RavenLossREP_Bot.gbot "Created by arts")', 'name': 'Link', 'inline': True}], 'description': 'The following matches your search word.', 'color': 65280}], 'channel_id': '799668639128485918', 'guild_id': '761956630606250005'}}
2021-01-16 17:59:54,701:DEBUG:discord.client: Dispatching event socket_response
2021-01-16 17:59:54,701:DEBUG:discord.client: Dispatching event raw_message_edit
2021-01-16 17:59:54,701:DEBUG:discord.client: Dispatching event message_edit
2021-01-16 17:59:55,654:DEBUG:discord.client: Dispatching event socket_raw_receive
2021-01-16 17:59:55,654:DEBUG:discord.gateway: For Shard ID None: WebSocket Event: {'t': 'TYPING_START', 's': 8, 'op': 0, 'd': {'user_id': '252363724894109700', 'timestamp': 1610791197, 'member': {'user': {'username': 'BloomAutist47', 'public_flags': 0, 'id': '252363724894109700', 'discriminator': '4713', 'avatar': '55b3cd7b29cf7e46de30d2b1cdf3106c'}, 'roles': [], 'mute': False, 'joined_at': '2020-10-03T14:23:37.284000+00:00', 'hoisted_role': None, 'deaf': False}, 'channel_id': '799668639128485918', 'guild_id': '761956630606250005'}}
2021-01-16 17:59:55,654:DEBUG:discord.client: Dispatching event socket_response
2021-01-16 18:00:01,481:DEBUG:discord.client: Dispatching event socket_raw_receive
2021-01-16 18:00:01,481:DEBUG:discord.gateway: For Shard ID None: WebSocket Event: {'t': 'MESSAGE_CREATE', 's': 9, 'op': 0, 'd': {'type': 0, 'tts': False, 'timestamp': '2021-01-16T10:00:02.638000+00:00', 'referenced_message': None, 'pinned': False, 'nonce': '799941017867386880', 'mentions': [], 'mention_roles': [], 'mention_everyone': False, 'member': {'roles': [], 'mute': False, 'joined_at': '2020-10-03T14:23:37.284000+00:00', 'hoisted_role': None, 'deaf': False}, 'id': '799941025388167171', 'flags': 0, 'embeds': [], 'edited_timestamp': None, 'content': '?boat void highlord', 'channel_id': '799668639128485918', 'author': {'username': 'BloomAutist47', 'public_flags': 0, 'id': '252363724894109700', 'discriminator': '4713', 'avatar': '55b3cd7b29cf7e46de30d2b1cdf3106c'}, 'attachments': [], 'guild_id': '761956630606250005'}}
2021-01-16 18:00:01,481:DEBUG:discord.client: Dispatching event socket_response
2021-01-16 18:00:01,497:DEBUG:discord.client: Dispatching event message
2021-01-16 18:00:01,497:DEBUG:discord.client: Dispatching event command
2021-01-16 18:00:02,206:DEBUG:discord.client: Dispatching event socket_raw_receive
2021-01-16 18:00:02,206:DEBUG:discord.gateway: For Shard ID None: WebSocket Event: {'t': 'MESSAGE_CREATE', 's': 10, 'op': 0, 'd': {'type': 0, 'tts': False, 'timestamp': '2021-01-16T10:00:03.320000+00:00', 'referenced_message': None, 'pinned': False, 'mentions': [], 'mention_roles': [], 'mention_everyone': False, 'member': {'roles': ['799640643558309891'], 'mute': False, 'joined_at': '2021-01-15T14:06:26.133000+00:00', 'hoisted_role': None, 'deaf': False}, 'id': '799941028249337888', 'flags': 0, 'embeds': [{'type': 'rich', 'title': 'Bots Result', 'fields': [{'value': '[void highlord](https://adventurequest.life/bots/Ganku_-_Void_Highlord.gbot "Created by ganku")', 'name': 'Link', 'inline': True}], 'description': 'Enjoy your bot!', 'color': 65280}], 'edited_timestamp': None, 'content': '', 'channel_id': '799668639128485918', 'author': {'username': 'Bloom Bot', 'public_flags': 0, 'id': '799639690176495637', 'discriminator': '5377', 'bot': True, 'avatar': None}, 'attachments': [], 'guild_id': '761956630606250005'}}
2021-01-16 18:00:02,206:DEBUG:discord.client: Dispatching event socket_response
2021-01-16 18:00:02,206:DEBUG:discord.client: Dispatching event message
2021-01-16 18:00:02,206:DEBUG:discord.http: POST https://discord.com/api/v7/channels/799668639128485918/messages with {"embed":{"fields":[{"inline":true,"name":"Link","value":"[void highlord](https://adventurequest.life/bots/Ganku_-_Void_Highlord.gbot \"Created by ganku\")"}],"color":65280,"type":"rich","description":"Enjoy your bot!","title":"Bots Result"}} has returned 200
2021-01-16 18:00:02,206:DEBUG:discord.http: POST https://discord.com/api/v7/channels/799668639128485918/messages has received {'id': '799941028249337888', 'type': 0, 'content': '', 'channel_id': '799668639128485918', 'author': {'id': '799639690176495637', 'username': 'Bloom Bot', 'avatar': None, 'discriminator': '5377', 'public_flags': 0, 'bot': True}, 'attachments': [], 'embeds': [{'type': 'rich', 'title': 'Bots Result', 'description': 'Enjoy your bot!', 'color': 65280, 'fields': [{'name': 'Link', 'value': '[void highlord](https://adventurequest.life/bots/Ganku_-_Void_Highlord.gbot "Created by ganku")', 'inline': True}]}], 'mentions': [], 'mention_roles': [], 'pinned': False, 'mention_everyone': False, 'tts': False, 'timestamp': '2021-01-16T10:00:03.320000+00:00', 'edited_timestamp': None, 'flags': 0, 'referenced_message': None}
2021-01-16 18:00:02,206:DEBUG:discord.client: Dispatching event command_completion
2021-01-16 18:00:02,206:DEBUG:discord.client: Dispatching event socket_raw_receive
2021-01-16 18:00:02,206:DEBUG:discord.gateway: For Shard ID None: WebSocket Event: {'t': 'MESSAGE_UPDATE', 's': 11, 'op': 0, 'd': {'id': '799941028249337888', 'embeds': [{'type': 'rich', 'title': 'Bots Result', 'fields': [{'value': '[void highlord](https://adventurequest.life/bots/Ganku_-_Void_Highlord.gbot "Created by ganku")', 'name': 'Link', 'inline': True}], 'description': 'Enjoy your bot!', 'color': 65280}], 'channel_id': '799668639128485918', 'guild_id': '761956630606250005'}}
2021-01-16 18:00:02,206:DEBUG:discord.client: Dispatching event socket_response
2021-01-16 18:00:02,206:DEBUG:discord.client: Dispatching event raw_message_edit
2021-01-16 18:00:02,206:DEBUG:discord.client: Dispatching event message_edit
2021-01-16 18:00:05,445:DEBUG:discord.gateway: Keeping shard ID None websocket alive with sequence 11.
2021-01-16 18:00:05,796:DEBUG:discord.client: Dispatching event socket_raw_receive
2021-01-16 18:00:05,796:DEBUG:discord.gateway: For Shard ID None: WebSocket Event: {'t': None, 's': None, 'op': 11, 'd': None}
2021-01-16 18:00:05,796:DEBUG:discord.client: Dispatching event socket_response
